[uWSGI] getting INI configuration from /space/venv/mocking-bird/mockingsite/mockingsite_uwsgi.ini
*** Starting uWSGI 2.0.11.1 (64bit) on [Wed Sep  2 00:34:21 2015] ***
compiled with version: 4.6.3 on 01 September 2015 05:38:59
os: Linux-3.2.0-23-generic #36-Ubuntu SMP Tue Apr 10 20:39:51 UTC 2012
nodename: ubuntu
machine: x86_64
clock source: unix
detected number of CPU cores: 4
current working directory: /space/venv/mocking-bird/mockingsite
*** running under screen session 5467.MOCKINGBIRD ***
detected binary path: /space/venv/bin/uwsgi
!!! no internal routing support, rebuild with pcre support !!!
chdir() to /space/venv/mocking-bird
your processes number limit is 46941
your memory page size is 4096 bytes
detected max file descriptor number: 1024
lock engine: pthread robust mutexes
thunder lock: disabled (you can enable it with --thunder-lock)
uwsgi socket 0 bound to UNIX address /space/venv/mocking-bird/mockingsite/mockingsite.sock fd 3
Python version: 2.7.3 (default, Apr 10 2013, 06:31:07)  [GCC 4.6.3]
Set PythonHome to /space/venv
*** Python threads support is disabled. You can enable it with --enable-threads ***
Python main interpreter initialized at 0x1170550
your server socket listen backlog is limited to 100 connections
your mercy for graceful operations on workers is 60 seconds
mapped 800448 bytes (781 KB) for 10 cores
*** Operational MODE: preforking ***
WSGI app 0 (mountpoint='') ready in 6 seconds on interpreter 0x1170550 pid: 23859 (default app)
*** uWSGI is running in multiple interpreter mode ***
spawned uWSGI master process (pid: 23859)
spawned uWSGI worker 1 (pid: 23899, cores: 1)
spawned uWSGI worker 2 (pid: 23900, cores: 1)
spawned uWSGI worker 3 (pid: 23901, cores: 1)
spawned uWSGI worker 4 (pid: 23904, cores: 1)
spawned uWSGI worker 5 (pid: 23906, cores: 1)
spawned uWSGI worker 6 (pid: 23908, cores: 1)
spawned uWSGI worker 7 (pid: 23910, cores: 1)
spawned uWSGI worker 8 (pid: 23912, cores: 1)
spawned uWSGI worker 9 (pid: 23914, cores: 1)
spawned uWSGI worker 10 (pid: 23916, cores: 1)
Wed Sep  2 07:34:34 2015 - SIGPIPE: writing to a closed pipe/socket/fd (probably the client disconnected) on request / (ip 127.0.0.1) !!!
Wed Sep  2 07:34:34 2015 - uwsgi_response_writev_headers_and_body_do(): Broken pipe [core/writer.c line 296] during GET / (127.0.0.1)
IOError: write error
[pid: 23904|app: 0|req: 1/1] 127.0.0.1 () {42 vars in 764 bytes} [Wed Sep  2 07:34:28 2015] GET / => generated 0 bytes in 5317 msecs (HTTP/1.1 200) 3 headers in 0 bytes (0 switches on core 0)
[pid: 23916|app: 0|req: 1/2] 127.0.0.1 () {46 vars in 863 bytes} [Wed Sep  2 07:34:46 2015] GET /home.html => generated 11942 bytes in 147 msecs (HTTP/1.1 200) 3 headers in 102 bytes (1 switches on core 0)
[pid: 23916|app: 0|req: 2/3] 127.0.0.1 () {44 vars in 835 bytes} [Wed Sep  2 07:35:37 2015] GET /history.html => generated 19754 bytes in 112 msecs (HTTP/1.1 200) 3 headers in 102 bytes (1 switches on core 0)
[pid: 23908|app: 0|req: 1/4] 127.0.0.1 () {46 vars in 912 bytes} [Wed Sep  2 07:35:37 2015] GET /ajaxUtil/userTests.html?pageNum=1&numItems=1 => generated 428 bytes in 84 msecs (HTTP/1.1 200) 3 headers in 102 bytes (1 switches on core 0)
[pid: 23916|app: 0|req: 3/5] 127.0.0.1 () {44 vars in 844 bytes} [Wed Sep  2 07:36:09 2015] GET /savedTests.html => generated 9805 bytes in 40 msecs (HTTP/1.1 200) 3 headers in 102 bytes (1 switches on core 0)
[pid: 23910|app: 0|req: 1/6] 127.0.0.1 () {46 vars in 884 bytes} [Wed Sep  2 07:36:10 2015] GET /ajaxUtil/userSavedTests.html => generated 313 bytes in 65 msecs (HTTP/1.1 200) 3 headers in 102 bytes (1 switches on core 0)
